SA/TesteVocaional/app/build/intermediates/manifest_merge_blame_file/debug/manifest-merger-blame-debug-report.txt
1<?xml version="1.0" encoding="utf-8"?>
2<manifest xmlns:android="http://schemas.android.com/apk/res/android"
3    package="com.example.testevocaional"
4    android:versionCode="1"
5    android:versionName="1.0" >
6
7    <uses-sdk
8        android:minSdkVersion="24"
8-->src\main\AndroidManifest.xml
9        android:targetSdkVersion="32" />
9-->src\main\AndroidManifest.xml
10
11    <!-- Although the *SdkVersion is captured in gradle build files, this is required for non gradle builds -->
12    <!-- <uses-sdk android:minSdkVersion="14"/> -->
13    <uses-permission android:name="android.permission.ACCESS_NETWORK_STATE" />
13-->[com.google.firebase:firebase-database:20.0.5] AndroidManifest.xml:25:5-79
13-->[com.google.firebase:firebase-database:20.0.5] AndroidManifest.xml:25:22-76
14    <uses-permission android:name="android.permission.INTERNET" />
14-->[com.google.firebase:firebase-database:20.0.5] AndroidManifest.xml:26:5-67
14-->[com.google.firebase:firebase-database:20.0.5] AndroidManifest.xml:26:22-64
15    <uses-permission android:name="android.permission.WAKE_LOCK" />
15-->[com.google.android.gms:play-services-measurement-api:21.0.0] AndroidManifest.xml:24:5-68
15-->[com.google.android.gms:play-services-measurement-api:21.0.0] AndroidManifest.xml:24:22-65
16    <uses-permission android:name="com.google.android.gms.permission.AD_ID" />
16-->[com.google.android.gms:play-services-measurement-api:21.0.0] AndroidManifest.xml:25:5-79
16-->[com.google.android.gms:play-services-measurement-api:21.0.0] AndroidManifest.xml:25:22-76
17    <uses-permission android:name="com.google.android.finsky.permission.BIND_GET_INSTALL_REFERRER_SERVICE" />
17-->[com.google.android.gms:play-services-measurement:21.0.0] AndroidManifest.xml:26:5-110
17-->[com.google.android.gms:play-services-measurement:21.0.0] AndroidManifest.xml:26:22-107
18
19    <application
19-->src\main\AndroidManifest.xml:5:5-55:19
20        android:allowBackup="true"
20-->src\main\AndroidManifest.xml:6:9-35
21        android:appComponentFactory="androidx.core.app.CoreComponentFactory"
21-->[androidx.core:core:1.7.0] AndroidManifest.xml:24:18-86
22        android:debuggable="true"
23        android:extractNativeLibs="false"
24        android:icon="@mipmap/ic_launcher"
24-->src\main\AndroidManifest.xml:7:9-43
25        android:label="@string/app_name"
25-->src\main\AndroidManifest.xml:8:9-41
26        android:roundIcon="@mipmap/ic_launcher_round"
26-->src\main\AndroidManifest.xml:9:9-54
27        android:supportsRtl="true"
27-->src\main\AndroidManifest.xml:10:9-35
28        android:testOnly="true"
29        android:theme="@style/Theme.TesteVocaional" >
29-->src\main\AndroidManifest.xml:11:9-52
30        <activity
30-->src\main\AndroidManifest.xml:12:9-14:40
31            android:name="com.example.testevocaional.Layout"
31-->src\main\AndroidManifest.xml:13:13-35
32            android:exported="false" />
32-->src\main\AndroidManifest.xml:14:13-37
33        <activity
33-->src\main\AndroidManifest.xml:15:9-17:40
34            android:name="com.example.testevocaional.lp4"
34-->src\main\AndroidManifest.xml:16:13-32
35            android:exported="false" />
35-->src\main\AndroidManifest.xml:17:13-37
36        <activity
36-->src\main\AndroidManifest.xml:18:9-20:40
37            android:name="com.example.testevocaional.lp3"
37-->src\main\AndroidManifest.xml:19:13-32
38            android:exported="false" />
38-->src\main\AndroidManifest.xml:20:13-37
39        <activity
39-->src\main\AndroidManifest.xml:21:9-23:40
40            android:name="com.example.testevocaional.lp2"
40-->src\main\AndroidManifest.xml:22:13-32
41            android:exported="false" />
41-->src\main\AndroidManifest.xml:23:13-37
42        <activity
42-->src\main\AndroidManifest.xml:24:9-26:40
43            android:name="com.example.testevocaional.lp1"
43-->src\main\AndroidManifest.xml:25:13-32
44            android:exported="false" />
44-->src\main\AndroidManifest.xml:26:13-37
45        <activity
45-->src\main\AndroidManifest.xml:27:9-29:40
46            android:name="com.example.testevocaional.Cadastro"
46-->src\main\AndroidManifest.xml:28:13-37
47            android:exported="false" />
47-->src\main\AndroidManifest.xml:29:13-37
48        <activity
48-->src\main\AndroidManifest.xml:30:9-32:40
49            android:name="com.example.testevocaional.historico"
49-->src\main\AndroidManifest.xml:31:13-38
50            android:exported="false" />
50-->src\main\AndroidManifest.xml:32:13-37
51        <activity
51-->src\main\AndroidManifest.xml:33:9-35:40
52            android:name="com.example.testevocaional.Login"
52-->src\main\AndroidManifest.xml:34:13-34
53            android:exported="false" />
53-->src\main\AndroidManifest.xml:35:13-37
54        <activity
54-->src\main\AndroidManifest.xml:36:9-38:40
55            android:name="com.example.testevocaional.Escolhas"
55-->src\main\AndroidManifest.xml:37:13-37
56            android:exported="false" />
56-->src\main\AndroidManifest.xml:38:13-37
57        <activity
57-->src\main\AndroidManifest.xml:39:9-41:40
58            android:name="com.example.testevocaional.Resultado"
58-->src\main\AndroidManifest.xml:40:13-38
59            android:exported="false" />
59-->src\main\AndroidManifest.xml:41:13-37
60        <activity
60-->src\main\AndroidManifest.xml:42:9-50:20
61            android:name="com.example.testevocaional.MainActivity"
61-->src\main\AndroidManifest.xml:43:13-41
62            android:exported="true" >
62-->src\main\AndroidManifest.xml:44:13-36
63            <intent-filter>
63-->src\main\AndroidManifest.xml:45:13-49:29
64                <action android:name="android.intent.action.MAIN" />
64-->src\main\AndroidManifest.xml:46:17-69
64-->src\main\AndroidManifest.xml:46:25-66
65
66                <category android:name="android.intent.category.LAUNCHER" />
66-->src\main\AndroidManifest.xml:48:17-77
66-->src\main\AndroidManifest.xml:48:27-74
67            </intent-filter>
68        </activity>
69
70        <meta-data
70-->src\main\AndroidManifest.xml:52:9-54:57
71            android:name="preloaded_fonts"
71-->src\main\AndroidManifest.xml:53:13-43
72            android:resource="@array/preloaded_fonts" />
72-->src\main\AndroidManifest.xml:54:13-54
73
74        <service
74-->[com.google.firebase:firebase-database:20.0.5] AndroidManifest.xml:29:9-35:19
75            android:name="com.google.firebase.components.ComponentDiscoveryService"
75-->[com.google.firebase:firebase-database:20.0.5] AndroidManifest.xml:30:13-84
76            android:directBootAware="true"
76-->[com.google.firebase:firebase-common:20.1.1] AndroidManifest.xml:35:13-43
77            android:exported="false" >
77-->[com.google.firebase:firebase-database:20.0.5] AndroidManifest.xml:31:13-37
78            <meta-data
78-->[com.google.firebase:firebase-database:20.0.5] AndroidManifest.xml:32:13-34:85
79                android:name="com.google.firebase.components:com.google.firebase.database.DatabaseRegistrar"
79-->[com.google.firebase:firebase-database:20.0.5] AndroidManifest.xml:33:17-109
80                android:value="com.google.firebase.components.ComponentRegistrar" />
80-->[com.google.firebase:firebase-database:20.0.5] AndroidManifest.xml:34:17-82
81            <meta-data
81-->[com.google.android.gms:play-services-measurement-api:21.0.0] AndroidManifest.xml:31:13-33:85
82                android:name="com.google.firebase.components:com.google.firebase.analytics.connector.internal.AnalyticsConnectorRegistrar"
82-->[com.google.android.gms:play-services-measurement-api:21.0.0] AndroidManifest.xml:32:17-139
83                android:value="com.google.firebase.components.ComponentRegistrar" />
83-->[com.google.android.gms:play-services-measurement-api:21.0.0] AndroidManifest.xml:33:17-82
84            <meta-data
84-->[com.google.firebase:firebase-installations:17.0.1] AndroidManifest.xml:18:13-20:85
85                android:name="com.google.firebase.components:com.google.firebase.installations.FirebaseInstallationsRegistrar"
85-->[com.google.firebase:firebase-installations:17.0.1] AndroidManifest.xml:19:17-127
86                android:value="com.google.firebase.components.ComponentRegistrar" />
86-->[com.google.firebase:firebase-installations:17.0.1] AndroidManifest.xml:20:17-82
87        </service>
88
89        <provider
89-->[com.google.firebase:firebase-common:20.1.1] AndroidManifest.xml:26:9-31:39
90            android:name="com.google.firebase.provider.FirebaseInitProvider"
90-->[com.google.firebase:firebase-common:20.1.1] AndroidManifest.xml:27:13-77
91            android:authorities="com.example.testevocaional.firebaseinitprovider"
91-->[com.google.firebase:firebase-common:20.1.1] AndroidManifest.xml:28:13-72
92            android:directBootAware="true"
92-->[com.google.firebase:firebase-common:20.1.1] AndroidManifest.xml:29:13-43
93            android:exported="false"
93-->[com.google.firebase:firebase-common:20.1.1] AndroidManifest.xml:30:13-37
94            android:initOrder="100" />
94-->[com.google.firebase:firebase-common:20.1.1] AndroidManifest.xml:31:13-36
95
96        <activity
96-->[com.google.android.gms:play-services-base:18.0.1] AndroidManifest.xml:20:9-22:45
97            android:name="com.google.android.gms.common.api.GoogleApiActivity"
97-->[com.google.android.gms:play-services-base:18.0.1] AndroidManifest.xml:20:19-85
98            android:exported="false"
98-->[com.google.android.gms:play-services-base:18.0.1] AndroidManifest.xml:22:19-43
99            android:theme="@android:style/Theme.Translucent.NoTitleBar" />
99-->[com.google.android.gms:play-services-base:18.0.1] AndroidManifest.xml:21:19-78
100
101        <receiver
101-->[com.google.android.gms:play-services-measurement:21.0.0] AndroidManifest.xml:29:9-33:20
102            android:name="com.google.android.gms.measurement.AppMeasurementReceiver"
102-->[com.google.android.gms:play-services-measurement:21.0.0] AndroidManifest.xml:30:13-85
103            android:enabled="true"
103-->[com.google.android.gms:play-services-measurement:21.0.0] AndroidManifest.xml:31:13-35
104            android:exported="false" >
104-->[com.google.android.gms:play-services-measurement:21.0.0] AndroidManifest.xml:32:13-37
105        </receiver>
106
107        <service
107-->[com.google.android.gms:play-services-measurement:21.0.0] AndroidManifest.xml:35:9-38:40
108            android:name="com.google.android.gms.measurement.AppMeasurementService"
108-->[com.google.android.gms:play-services-measurement:21.0.0] AndroidManifest.xml:36:13-84
109            android:enabled="true"
109-->[com.google.android.gms:play-services-measurement:21.0.0] AndroidManifest.xml:37:13-35
110            android:exported="false" />
110-->[com.google.android.gms:play-services-measurement:21.0.0] AndroidManifest.xml:38:13-37
111        <service
111-->[com.google.android.gms:play-services-measurement:21.0.0] AndroidManifest.xml:39:9-43:72
112            android:name="com.google.android.gms.measurement.AppMeasurementJobService"
112-->[com.google.android.gms:play-services-measurement:21.0.0] AndroidManifest.xml:40:13-87
113            android:enabled="true"
113-->[com.google.android.gms:play-services-measurement:21.0.0] AndroidManifest.xml:41:13-35
114            android:exported="false"
114-->[com.google.android.gms:play-services-measurement:21.0.0] AndroidManifest.xml:42:13-37
115            android:permission="android.permission.BIND_JOB_SERVICE" />
115-->[com.google.android.gms:play-services-measurement:21.0.0] AndroidManifest.xml:43:13-69
116
117        <meta-data
117-->[com.google.android.gms:play-services-basement:18.0.0] AndroidManifest.xml:21:9-23:69
118            android:name="com.google.android.gms.version"
118-->[com.google.android.gms:play-services-basement:18.0.0] AndroidManifest.xml:22:13-58
119            android:value="@integer/google_play_services_version" />
119-->[com.google.android.gms:play-services-basement:18.0.0] AndroidManifest.xml:23:13-66
120
121        <provider
121-->[androidx.emoji2:emoji2:1.0.0] AndroidManifest.xml:26:9-34:20
122            android:name="androidx.startup.InitializationProvider"
122-->[androidx.emoji2:emoji2:1.0.0] AndroidManifest.xml:27:13-67
123            android:authorities="com.example.testevocaional.androidx-startup"
123-->[androidx.emoji2:emoji2:1.0.0] AndroidManifest.xml:28:13-68
124            android:exported="false" >
124-->[androidx.emoji2:emoji2:1.0.0] AndroidManifest.xml:29:13-37
125            <meta-data
125-->[androidx.emoji2:emoji2:1.0.0] AndroidManifest.xml:31:13-33:52
126                android:name="androidx.emoji2.text.EmojiCompatInitializer"
126-->[androidx.emoji2:emoji2:1.0.0] AndroidManifest.xml:32:17-75
127                android:value="androidx.startup" />
127-->[androidx.emoji2:emoji2:1.0.0] AndroidManifest.xml:33:17-49
128            <meta-data
128-->[androidx.lifecycle:lifecycle-process:2.4.0] AndroidManifest.xml:31:13-33:52
129                android:name="androidx.lifecycle.ProcessLifecycleInitializer"
129-->[androidx.lifecycle:lifecycle-process:2.4.0] AndroidManifest.xml:32:17-78
130                android:value="androidx.startup" />
130-->[androidx.lifecycle:lifecycle-process:2.4.0] AndroidManifest.xml:33:17-49
131        </provider>
132
133        <uses-library
133-->[androidx.window:window:1.0.0] AndroidManifest.xml:25:9-27:40
134            android:name="androidx.window.extensions"
134-->[androidx.window:window:1.0.0] AndroidManifest.xml:26:13-54
135            android:required="false" />
135-->[androidx.window:window:1.0.0] AndroidManifest.xml:27:13-37
136        <uses-library
136-->[androidx.window:window:1.0.0] AndroidManifest.xml:28:9-30:40
137            android:name="androidx.window.sidecar"
137-->[androidx.window:window:1.0.0] AndroidManifest.xml:29:13-51
138            android:required="false" />
138-->[androidx.window:window:1.0.0] AndroidManifest.xml:30:13-37
139    </application>
140
141</manifest>